[ 2015-04-21T18:11:20+08:00 ] 192.168.0.100 /marvel2.php
INFO: [ app_init ] --START--
INFO: Run Behavior\BuildLiteBehavior [ RunTime:0.000000s ]
INFO: [ app_init ] --END-- [ RunTime:0.002000s ]
INFO: [ app_begin ] --START--
INFO: Run Behavior\ReadHtmlCacheBehavior [ RunTime:0.002000s ]
INFO: [ app_begin ] --END-- [ RunTime:0.003000s ]
NOTIC: [8192] mysql_escape_string(): This function is deprecated; use mysql_real_escape_string() instead. C:\wamp\wwwgeekinnet\ThinkPHP\Library\Think\Db\Driver\Mysql.class.php 第 330 行.
NOTIC: [8192] mysql_connect(): The mysql extension is deprecated and will be removed in the future: use mysqli or PDO instead C:\wamp\wwwgeekinnet\ThinkPHP\Library\Think\Db\Driver\Mysql.class.php 第 52 行.
SQL: SELECT `phone`,max(score) FROM `user` WHERE `createDate` >= '2015-04-21' GROUP BY phone ORDER BY max(score),createDate desc LIMIT 30   [ RunTime:0.001000s ]
SQL: SELECT `id`,`code`,`price` FROM `kuaidiquan` WHERE `ip` = '192.168.0.100' AND `sendDate` > 1429607480 AND `state` = 0 LIMIT 1   [ RunTime:0.077004s ]
SQL: SELECT `id`,`code`,`price` FROM `kuaidiquan` WHERE `state` = 1 AND `id` <= 100000 LIMIT 1   [ RunTime:0.001000s ]
SQL: UPDATE `kuaidiquan` SET `ip`='192.168.0.100',`sendDate`=1429611080,`state`=0 WHERE `id` = 2 [ RunTime:0.007001s ]
INFO: [ view_parse ] --START--
INFO: [ template_filter ] --START--
INFO: Run Behavior\ContentReplaceBehavior [ RunTime:0.000000s ]
INFO: [ template_filter ] --END-- [ RunTime:0.000000s ]
INFO: Run Behavior\ParseTemplateBehavior [ RunTime:0.008000s ]
INFO: [ view_parse ] --END-- [ RunTime:0.008000s ]
INFO: [ view_filter ] --START--
INFO: Run Behavior\WriteHtmlCacheBehavior [ RunTime:0.001000s ]
INFO: [ view_filter ] --END-- [ RunTime:0.001000s ]
INFO: [ app_end ] --START--
INFO: Run Behavior\ShowPageTraceBehavior [ RunTime:0.001000s ]
INFO: [ app_end ] --END-- [ RunTime:0.001000s ]

